{
  "stats": {
    "suites": 1,
    "tests": 1,
    "passes": 1,
    "pending": 0,
    "failures": 0,
    "start": "2021-01-18T14:39:12.331Z",
    "end": "2021-01-18T14:39:12.340Z",
    "duration": 9,
    "testsRegistered": 1,
    "passPercent": 100,
    "pendingPercent": 0,
    "other": 0,
    "hasOther": false,
    "skipped": 0,
    "hasSkipped": false
  },
  "results": [
    {
      "uuid": "72ed08be-04ce-461f-af92-cab7b1fe2f76",
      "title": "",
      "fullFile": "",
      "file": "",
      "beforeHooks": [],
      "afterHooks": [],
      "tests": [],
      "suites": [
        {
          "uuid": "905aa3b3-1778-47d2-af40-8d67a1a32515",
          "title": "Reverse word",
          "fullFile": "/home/mm/reverseWord/test/reverse.js",
          "file": "/test/reverse.js",
          "beforeHooks": [],
          "afterHooks": [],
          "tests": [
            {
              "title": "1dcBA should be abCD1",
              "fullTitle": "Reverse word 1dcBA should be abCD1",
              "timedOut": false,
              "duration": 3,
              "state": "passed",
              "speed": "fast",
              "pass": true,
              "fail": false,
              "pending": false,
              "context": null,
              "code": "var res = rev.reverseWord('1dcBA');\nvar expected = \"abCD1\";\nexpect(res).to.be.a('string');\nexpect(res).to.equal(expected);\nexpect(res).to.have.lengthOf(expected.length);",
              "err": {},
              "uuid": "8b6a9d9e-9c9a-4f1d-88ed-49202e8e7d12",
              "parentUUID": "905aa3b3-1778-47d2-af40-8d67a1a32515",
              "isHook": false,
              "skipped": false
            }
          ],
          "suites": [],
          "passes": [
            "8b6a9d9e-9c9a-4f1d-88ed-49202e8e7d12"
          ],
          "failures": [],
          "pending": [],
          "skipped": [],
          "duration": 3,
          "root": false,
          "rootEmpty": false,
          "_timeout": 2000
        }
      ],
      "passes": [],
      "failures": [],
      "pending": [],
      "skipped": [],
      "duration": 0,
      "root": true,
      "rootEmpty": true,
      "_timeout": 2000
    }
  ],
  "meta": {
    "mocha": {
      "version": "8.2.1"
    },
    "mochawesome": {
      "options": {
        "quiet": false,
        "reportFilename": "mochawesome",
        "saveHtml": true,
        "saveJson": true,
        "consoleReporter": "spec",
        "useInlineDiffs": false,
        "code": true
      },
      "version": "6.2.1"
    },
    "marge": {
      "options": null,
      "version": "5.1.0"
    }
  }
}